<?xml version="1.0" encoding="UTF-8"?>
<testng-results ignored="0" total="2" passed="2" failed="0" skipped="0">
  <reporter-output>
  </reporter-output>
  <suite started-at="2023-11-17T18:15:17 IST" name="Suite" finished-at="2023-11-17T18:15:26 IST" duration-ms="9466">
    <groups>
    </groups>
    <test started-at="2023-11-17T18:15:17 IST" name="Test" finished-at="2023-11-17T18:15:26 IST" duration-ms="9466">
      <class name="testcase.TC001_SignupTest">
        <test-method is-config="true" signature="setup()[pri:0, instance:testcase.TC001_SignupTest@7fd7a283]" started-at="2023-11-17T18:15:17 IST" name="setup" finished-at="2023-11-17T18:15:17 IST" duration-ms="9" status="PASS">
          <reporter-output>
          </reporter-output>
        </test-method> <!-- setup -->
        <test-method is-config="true" signature="launchbrowser(java.lang.String,java.lang.String)[pri:0, instance:testcase.TC001_SignupTest@7fd7a283]" started-at="2023-11-17T18:15:18 IST" name="launchbrowser" finished-at="2023-11-17T18:15:21 IST" duration-ms="3731" status="PASS">
          <params>
            <param index="0">
              <value>
                <![CDATA[chrome]]>
              </value>
            </param>
            <param index="1">
              <value>
                <![CDATA[https://www.demoblaze.com/]]>
              </value>
            </param>
          </params>
          <reporter-output>
          </reporter-output>
        </test-method> <!-- launchbrowser -->
        <test-method signature="signuptest(java.lang.String,java.lang.String)[pri:0, instance:testcase.TC001_SignupTest@7fd7a283]" started-at="2023-11-17T18:15:21 IST" name="signuptest" data-provider="getdata" finished-at="2023-11-17T18:15:23 IST" duration-ms="1672" status="PASS">
          <params>
            <param index="0">
              <value>
                <![CDATA[aravindanr]]>
              </value>
            </param>
            <param index="1">
              <value>
                <![CDATA[aravind@123]]>
              </value>
            </param>
          </params>
          <reporter-output>
          </reporter-output>
        </test-method> <!-- signuptest -->
        <test-method is-config="true" signature="closebrowser()[pri:0, instance:testcase.TC001_SignupTest@7fd7a283]" started-at="2023-11-17T18:15:23 IST" name="closebrowser" finished-at="2023-11-17T18:15:23 IST" duration-ms="180" status="PASS">
          <reporter-output>
          </reporter-output>
        </test-method> <!-- closebrowser -->
      </class> <!-- testcase.TC001_SignupTest -->
      <class name="testcase.TC002_LoginTest">
        <test-method is-config="true" signature="setup()[pri:0, instance:testcase.TC002_LoginTest@238d68ff]" started-at="2023-11-17T18:15:17 IST" name="setup" finished-at="2023-11-17T18:15:17 IST" duration-ms="0" status="PASS">
          <reporter-output>
          </reporter-output>
        </test-method> <!-- setup -->
        <test-method is-config="true" signature="launchbrowser(java.lang.String,java.lang.String)[pri:0, instance:testcase.TC002_LoginTest@238d68ff]" started-at="2023-11-17T18:15:23 IST" name="launchbrowser" finished-at="2023-11-17T18:15:25 IST" duration-ms="2058" status="PASS">
          <params>
            <param index="0">
              <value>
                <![CDATA[chrome]]>
              </value>
            </param>
            <param index="1">
              <value>
                <![CDATA[https://www.demoblaze.com/]]>
              </value>
            </param>
          </params>
          <reporter-output>
          </reporter-output>
        </test-method> <!-- launchbrowser -->
        <test-method signature="logintest(java.lang.String,java.lang.String)[pri:0, instance:testcase.TC002_LoginTest@238d68ff]" started-at="2023-11-17T18:15:25 IST" name="logintest" data-provider="getdata" finished-at="2023-11-17T18:15:26 IST" duration-ms="700" status="PASS">
          <params>
            <param index="0">
              <value>
                <![CDATA[aravindanr]]>
              </value>
            </param>
            <param index="1">
              <value>
                <![CDATA[aravind@123]]>
              </value>
            </param>
          </params>
          <reporter-output>
          </reporter-output>
        </test-method> <!-- logintest -->
        <test-method is-config="true" signature="closebrowser()[pri:0, instance:testcase.TC002_LoginTest@238d68ff]" started-at="2023-11-17T18:15:26 IST" name="closebrowser" finished-at="2023-11-17T18:15:26 IST" duration-ms="141" status="PASS">
          <reporter-output>
          </reporter-output>
        </test-method> <!-- closebrowser -->
      </class> <!-- testcase.TC002_LoginTest -->
    </test> <!-- Test -->
  </suite> <!-- Suite -->
</testng-results>
